<?xml version="1.0" encoding="UTF-8"?>
<!-- Generated by org.testng.reporters.JUnitXMLReporter -->
<testsuite hostname="LAPTOP-DLPGT1SS" ignored="0" name="Default test" tests="5" failures="0" timestamp="21 Mar 2022 11:39:19 GMT" time="11.81" errors="0">
  <testcase name="createUser" time="5.275" classname="rest_sample.RestAssuredAssignment_3"/>
  <testcase name="login" time="1.646" classname="rest_sample.RestAssuredAssignment_3"/>
  <testcase name="edit" time="1.631" classname="rest_sample.RestAssuredAssignment_3"/>
  <testcase name="logout" time="1.61" classname="rest_sample.RestAssuredAssignment_3"/>
  <testcase name="delete" time="1.601" classname="rest_sample.RestAssuredAssignment_3"/>
</testsuite> <!-- Default test -->
